<?xml version="1.0" encoding="UTF-8"?>
<!-- Generated by org.testng.reporters.JUnitReportReporter -->
<testsuite hostname="suba-pc" failures="0" tests="2" name="tests.LoginTest" time="44.834" errors="0" timestamp="2023-03-28T22:26:48 EDT" skipped="0">
  <testcase classname="tests.LoginTest" name="loginMethod" time="12.892"/>
  <system-out/>
  <testcase classname="tests.LoginTest" name="loginMethod" time="31.942"/>
  <system-out/>
</testsuite> <!-- tests.LoginTest -->
