<?xml version="1.0" encoding="UTF-8"?>
<!-- Generated by org.testng.reporters.JUnitReportReporter -->
<testsuite hostname="suba-pc" failures="0" tests="1" name="tests.TwoTest" time="10.754" errors="0" timestamp="2023-03-26T07:54:35 EDT" skipped="0">
  <testcase classname="tests.TwoTest" name="twoTestLogin" time="10.754"/>
  <system-out/>
</testsuite> <!-- tests.TwoTest -->
