<?xml version="1.0" encoding="UTF-8"?>
<!-- Generated by org.testng.reporters.JUnitReportReporter -->
<testsuite hostname="suba-pc" failures="0" tests="1" name="runner.Runner" time="27.306" errors="0" timestamp="2023-03-30T11:52:11 EDT" skipped="0">
  <testcase classname="runner.Runner" name="runScenario" time="27.306"/>
  <system-out/>
</testsuite> <!-- runner.Runner -->
