<?xml version="1.0" encoding="UTF-8"?>
<!-- Generated by org.testng.reporters.JUnitReportReporter -->
<testsuite hostname="suba-pc" failures="0" tests="2" name="tests.LoginTest" time="37.563" errors="0" timestamp="2023-03-30T12:29:17 EDT" skipped="0">
  <testcase classname="tests.LoginTest" name="loginMethod" time="15.519"/>
  <system-out/>
  <testcase classname="tests.LoginTest" name="loginMethod" time="22.044"/>
  <system-out/>
</testsuite> <!-- tests.LoginTest -->
